<?xml version="1.0" encoding="UTF-8"?>
<!-- Generated by org.testng.reporters.JUnitReportReporter -->
<testsuite hostname="Ubuntu" name="gov.nasa.jpf.constraints.expressions.functions.math.FunctionAxiomsTest" tests="4" failures="0" timestamp="21 Mar 2022 00:40:47 GMT" time="0.008" errors="0">
  <testcase name="printAxiomsSin" time="0.005" classname="gov.nasa.jpf.constraints.expressions.functions.math.FunctionAxiomsTest"/>
  <testcase name="testSqrt" time="0.000" classname="gov.nasa.jpf.constraints.expressions.functions.math.FunctionAxiomsTest"/>
  <testcase name="testAtan2" time="0.003" classname="gov.nasa.jpf.constraints.expressions.functions.math.FunctionAxiomsTest"/>
  <testcase name="testLogExp" time="0.000" classname="gov.nasa.jpf.constraints.expressions.functions.math.FunctionAxiomsTest"/>
</testsuite> <!-- gov.nasa.jpf.constraints.expressions.functions.math.FunctionAxiomsTest -->
