<?xml version="1.0" encoding="UTF-8"?>
<!-- Generated by org.testng.reporters.JUnitReportReporter -->
<testsuite hostname="Ubuntu" name="gov.nasa.jpf.constraints.expressions.functions.math.IntegerFunctionTest" tests="1" failures="0" timestamp="21 Mar 2022 00:40:47 GMT" time="0.000" errors="0">
  <testcase name="testIntegerFunction" time="0.000" classname="gov.nasa.jpf.constraints.expressions.functions.math.IntegerFunctionTest"/>
</testsuite> <!-- gov.nasa.jpf.constraints.expressions.functions.math.IntegerFunctionTest -->
